2020-07-23 13:54:05,174 - movie_logger - INFO - 크롬 가상브라우저 실행 완료
2020-07-23 13:54:05,174 - movie_logger - INFO - 첫 번재 while 시작
2020-07-23 13:54:06,178 - movie_logger - INFO - 두 번째 while 시작
2020-07-23 13:54:06,667 - movie_logger - INFO - 네이버 영화 랭킹 평점순 이동 page=1
2020-07-23 13:54:07,279 - movie_logger - INFO - 영화 랭킹 클릭
2020-07-23 13:54:07,744 - movie_logger - INFO - 영화 평점 탭 클릭
2020-07-23 13:54:07,777 - movie_logger - INFO - 영화제목 : 그린 북
2020-07-23 13:54:07,805 - movie_logger - INFO - iframe 전환
2020-07-23 13:54:07,973 - movie_logger - INFO - 최신순 클릭
2020-07-23 13:54:08,191 - movie_logger - INFO - 현재 페이지 : 1
2020-07-23 13:54:08,956 - movie_logger - INFO - 현재 페이지 : 2
2020-07-23 13:54:09,663 - movie_logger - INFO - 현재 페이지 : 3
2020-07-23 13:54:10,437 - movie_logger - INFO - 현재 페이지 : 4
2020-07-23 13:54:11,180 - movie_logger - INFO - 현재 페이지 : 5
2020-07-23 13:54:16,934 - movie_logger - INFO - 현재 페이지 : 6
2020-07-23 13:54:22,694 - movie_logger - INFO - 현재 페이지 : 7
2020-07-23 13:54:28,431 - movie_logger - INFO - 현재 페이지 : 8
2020-07-23 13:54:34,176 - movie_logger - INFO - 현재 페이지 : 9
2020-07-23 13:54:39,909 - movie_logger - INFO - 현재 페이지 : 10
2020-07-23 13:54:45,623 - movie_logger - INFO - 현재 페이지 : 11
2020-07-23 13:54:51,354 - movie_logger - INFO - 현재 페이지 : 12
2020-07-23 13:54:57,092 - movie_logger - INFO - 현재 페이지 : 13
2020-07-23 13:55:02,818 - movie_logger - INFO - 현재 페이지 : 14
2020-07-23 13:55:08,573 - movie_logger - INFO - 현재 페이지 : 15
2020-07-23 13:55:14,307 - movie_logger - INFO - 현재 페이지 : 16
2020-07-23 13:55:20,045 - movie_logger - INFO - 현재 페이지 : 17
2020-07-23 13:55:25,866 - movie_logger - INFO - 현재 페이지 : 18
2020-07-23 13:55:31,569 - movie_logger - INFO - 현재 페이지 : 19
2020-07-23 13:55:37,303 - movie_logger - INFO - 현재 페이지 : 20
2020-07-23 13:55:43,019 - movie_logger - INFO - 현재 페이지 : 21
2020-07-23 13:55:48,739 - movie_logger - INFO - 현재 페이지 : 22
2020-07-23 13:55:54,468 - movie_logger - INFO - 현재 페이지 : 23
2020-07-23 13:56:00,217 - movie_logger - INFO - 현재 페이지 : 24
2020-07-23 13:56:05,956 - movie_logger - INFO - 현재 페이지 : 25
2020-07-23 13:56:11,670 - movie_logger - INFO - 현재 페이지 : 26
2020-07-23 13:56:17,407 - movie_logger - INFO - 현재 페이지 : 27
2020-07-23 13:56:23,191 - movie_logger - INFO - 현재 페이지 : 28
2020-07-23 13:56:28,933 - movie_logger - INFO - 현재 페이지 : 29
2020-07-23 13:56:34,753 - movie_logger - INFO - 현재 페이지 : 30
2020-07-23 13:56:40,664 - movie_logger - INFO - 현재 페이지 : 31
2020-07-23 13:56:46,502 - movie_logger - INFO - 현재 페이지 : 32
2020-07-23 13:56:52,271 - movie_logger - INFO - 현재 페이지 : 33
2020-07-23 13:56:58,119 - movie_logger - INFO - 현재 페이지 : 34
2020-07-23 13:57:03,856 - movie_logger - INFO - 현재 페이지 : 35
2020-07-23 13:57:09,654 - movie_logger - INFO - 현재 페이지 : 36
2020-07-23 13:57:15,478 - movie_logger - INFO - 현재 페이지 : 37
2020-07-23 13:57:21,236 - movie_logger - INFO - 현재 페이지 : 38
2020-07-23 13:57:27,000 - movie_logger - INFO - 현재 페이지 : 39
2020-07-23 13:57:32,750 - movie_logger - INFO - 현재 페이지 : 40
2020-07-23 13:57:38,495 - movie_logger - INFO - 현재 페이지 : 41
2020-07-23 13:57:44,258 - movie_logger - INFO - 현재 페이지 : 42
2020-07-23 13:57:50,002 - movie_logger - INFO - 현재 페이지 : 43
2020-07-23 13:57:55,729 - movie_logger - INFO - 현재 페이지 : 44
2020-07-23 13:58:01,488 - movie_logger - INFO - 현재 페이지 : 45
2020-07-23 13:58:07,251 - movie_logger - INFO - 현재 페이지 : 46
2020-07-23 13:58:13,013 - movie_logger - INFO - 현재 페이지 : 47
2020-07-23 13:58:18,753 - movie_logger - INFO - 현재 페이지 : 48
2020-07-23 13:58:24,496 - movie_logger - INFO - 현재 페이지 : 49
2020-07-23 13:58:30,233 - movie_logger - INFO - 현재 페이지 : 50
2020-07-23 13:58:35,976 - movie_logger - INFO - 현재 페이지 : 51
2020-07-23 13:58:41,717 - movie_logger - INFO - 현재 페이지 : 52
2020-07-23 13:58:47,469 - movie_logger - INFO - 현재 페이지 : 53
2020-07-23 13:58:53,240 - movie_logger - INFO - 현재 페이지 : 54
2020-07-23 13:58:59,008 - movie_logger - INFO - 현재 페이지 : 55
2020-07-23 13:59:04,757 - movie_logger - INFO - 현재 페이지 : 56
2020-07-23 13:59:10,481 - movie_logger - INFO - 현재 페이지 : 57
2020-07-23 13:59:16,230 - movie_logger - INFO - 현재 페이지 : 58
2020-07-23 13:59:21,973 - movie_logger - INFO - 현재 페이지 : 59
2020-07-23 13:59:27,720 - movie_logger - INFO - 현재 페이지 : 60
2020-07-23 13:59:33,453 - movie_logger - INFO - 현재 페이지 : 61
2020-07-23 13:59:39,209 - movie_logger - INFO - 현재 페이지 : 62
2020-07-23 13:59:44,958 - movie_logger - INFO - 현재 페이지 : 63
2020-07-23 13:59:50,721 - movie_logger - INFO - 현재 페이지 : 64
2020-07-23 13:59:56,494 - movie_logger - INFO - 현재 페이지 : 65
2020-07-23 14:00:02,260 - movie_logger - INFO - 현재 페이지 : 66
2020-07-23 14:00:08,037 - movie_logger - INFO - 현재 페이지 : 67
2020-07-23 14:00:13,799 - movie_logger - INFO - 현재 페이지 : 68
2020-07-23 14:00:19,556 - movie_logger - INFO - 현재 페이지 : 69
2020-07-23 14:00:25,295 - movie_logger - INFO - 현재 페이지 : 70
2020-07-23 14:00:31,043 - movie_logger - INFO - 현재 페이지 : 71
2020-07-23 14:00:36,819 - movie_logger - INFO - 현재 페이지 : 72
2020-07-23 14:00:42,592 - movie_logger - INFO - 현재 페이지 : 73
2020-07-23 14:00:48,334 - movie_logger - INFO - 현재 페이지 : 74
2020-07-23 14:00:54,083 - movie_logger - INFO - 현재 페이지 : 75
2020-07-23 14:00:59,823 - movie_logger - INFO - 현재 페이지 : 76
2020-07-23 14:01:05,590 - movie_logger - INFO - 현재 페이지 : 77
2020-07-23 14:01:11,331 - movie_logger - INFO - 현재 페이지 : 78
2020-07-23 14:01:17,110 - movie_logger - INFO - 현재 페이지 : 79
2020-07-23 14:01:22,845 - movie_logger - INFO - 현재 페이지 : 80
2020-07-23 14:01:28,597 - movie_logger - INFO - 현재 페이지 : 81
2020-07-23 14:01:34,331 - movie_logger - INFO - 현재 페이지 : 82
2020-07-23 14:01:40,064 - movie_logger - INFO - 현재 페이지 : 83
2020-07-23 14:01:45,812 - movie_logger - INFO - 현재 페이지 : 84
2020-07-23 14:01:52,498 - movie_logger - INFO - 현재 페이지 : 85
2020-07-23 14:01:58,260 - movie_logger - INFO - 현재 페이지 : 86
2020-07-23 14:02:03,999 - movie_logger - INFO - 현재 페이지 : 87
2020-07-23 14:02:09,744 - movie_logger - INFO - 현재 페이지 : 88
2020-07-23 14:02:15,482 - movie_logger - INFO - 현재 페이지 : 89
2020-07-23 14:02:21,232 - movie_logger - INFO - 현재 페이지 : 90
2020-07-23 14:02:26,993 - movie_logger - INFO - 현재 페이지 : 91
2020-07-23 14:02:32,733 - movie_logger - INFO - 현재 페이지 : 92
2020-07-23 14:02:38,499 - movie_logger - INFO - 현재 페이지 : 93
2020-07-23 14:02:44,281 - movie_logger - INFO - 현재 페이지 : 94
2020-07-23 14:02:50,062 - movie_logger - INFO - 현재 페이지 : 95
2020-07-23 14:02:55,806 - movie_logger - INFO - 현재 페이지 : 96
2020-07-23 14:03:01,535 - movie_logger - INFO - 현재 페이지 : 97
2020-07-23 14:03:07,277 - movie_logger - INFO - 현재 페이지 : 98
2020-07-23 14:03:13,018 - movie_logger - INFO - 현재 페이지 : 99
2020-07-23 14:03:18,755 - movie_logger - INFO - 현재 페이지 : 100
2020-07-23 14:03:24,492 - movie_logger - INFO - 현재 페이지 : 101
2020-07-23 14:03:30,224 - movie_logger - INFO - 현재 페이지 : 102
2020-07-23 14:03:35,971 - movie_logger - INFO - 현재 페이지 : 103
2020-07-23 14:03:41,687 - movie_logger - INFO - 현재 페이지 : 104
2020-07-23 14:03:47,456 - movie_logger - INFO - 현재 페이지 : 105
2020-07-23 14:03:53,254 - movie_logger - INFO - 현재 페이지 : 106
2020-07-23 14:03:59,002 - movie_logger - INFO - 현재 페이지 : 107
2020-07-23 14:04:04,765 - movie_logger - INFO - 현재 페이지 : 108
2020-07-23 14:04:10,492 - movie_logger - INFO - 현재 페이지 : 109
2020-07-23 14:04:16,373 - movie_logger - INFO - 현재 페이지 : 110
2020-07-23 14:04:22,142 - movie_logger - INFO - 현재 페이지 : 111
2020-07-23 14:04:27,866 - movie_logger - INFO - 현재 페이지 : 112
2020-07-23 14:04:33,657 - movie_logger - INFO - 현재 페이지 : 113
2020-07-23 14:04:39,448 - movie_logger - INFO - 현재 페이지 : 114
2020-07-23 14:04:45,280 - movie_logger - INFO - 현재 페이지 : 115
2020-07-23 14:04:51,105 - movie_logger - INFO - 현재 페이지 : 116
2020-07-23 14:04:56,957 - movie_logger - INFO - 현재 페이지 : 117
2020-07-23 14:05:02,797 - movie_logger - INFO - 현재 페이지 : 118
2020-07-23 14:05:08,566 - movie_logger - INFO - 현재 페이지 : 119
2020-07-23 14:05:14,305 - movie_logger - INFO - 현재 페이지 : 120
2020-07-23 14:05:20,045 - movie_logger - INFO - 현재 페이지 : 121
2020-07-23 14:05:25,819 - movie_logger - INFO - 현재 페이지 : 122
2020-07-23 14:05:31,551 - movie_logger - INFO - 현재 페이지 : 123
2020-07-23 14:05:37,300 - movie_logger - INFO - 현재 페이지 : 124
2020-07-23 14:05:43,046 - movie_logger - INFO - 현재 페이지 : 125
2020-07-23 14:05:48,779 - movie_logger - INFO - 현재 페이지 : 126
2020-07-23 14:05:54,542 - movie_logger - INFO - 현재 페이지 : 127
2020-07-23 14:06:00,321 - movie_logger - INFO - 현재 페이지 : 128
2020-07-23 14:06:06,114 - movie_logger - INFO - 현재 페이지 : 129
2020-07-23 14:06:11,973 - movie_logger - INFO - 현재 페이지 : 130
2020-07-23 14:06:17,761 - movie_logger - INFO - 현재 페이지 : 131
2020-07-23 14:06:23,535 - movie_logger - INFO - 현재 페이지 : 132
2020-07-23 14:06:29,282 - movie_logger - INFO - 현재 페이지 : 133
2020-07-23 14:06:35,015 - movie_logger - INFO - 현재 페이지 : 134
2020-07-23 14:06:40,764 - movie_logger - INFO - 현재 페이지 : 135
2020-07-23 14:06:47,192 - movie_logger - INFO - 현재 페이지 : 136
2020-07-23 14:06:52,951 - movie_logger - INFO - 현재 페이지 : 137
2020-07-23 14:06:58,711 - movie_logger - INFO - 현재 페이지 : 138
2020-07-23 14:07:04,479 - movie_logger - INFO - 현재 페이지 : 139
2020-07-23 14:07:10,277 - movie_logger - INFO - 현재 페이지 : 140
2020-07-23 14:07:16,041 - movie_logger - INFO - 현재 페이지 : 141
2020-07-23 14:07:21,767 - movie_logger - INFO - 현재 페이지 : 142
2020-07-23 14:07:27,489 - movie_logger - INFO - 현재 페이지 : 143
2020-07-23 14:07:33,247 - movie_logger - INFO - 현재 페이지 : 144
2020-07-23 14:07:39,043 - movie_logger - INFO - 현재 페이지 : 145
2020-07-23 14:07:44,804 - movie_logger - INFO - 현재 페이지 : 146
2020-07-23 14:07:50,547 - movie_logger - INFO - 현재 페이지 : 147
2020-07-23 14:07:56,309 - movie_logger - INFO - 현재 페이지 : 148
2020-07-23 14:08:02,046 - movie_logger - INFO - 현재 페이지 : 149
2020-07-23 14:08:07,784 - movie_logger - INFO - 현재 페이지 : 150
2020-07-23 14:08:13,499 - movie_logger - INFO - 현재 페이지 : 151
2020-07-23 14:08:19,256 - movie_logger - INFO - 현재 페이지 : 152
2020-07-23 14:08:25,003 - movie_logger - INFO - 현재 페이지 : 153
2020-07-23 14:08:30,802 - movie_logger - INFO - 현재 페이지 : 154
2020-07-23 14:08:36,721 - movie_logger - INFO - 현재 페이지 : 155
2020-07-23 14:08:42,496 - movie_logger - INFO - 현재 페이지 : 156
2020-07-23 14:08:48,251 - movie_logger - INFO - 현재 페이지 : 157
2020-07-23 14:08:54,004 - movie_logger - INFO - 현재 페이지 : 158
2020-07-23 14:08:59,730 - movie_logger - INFO - 현재 페이지 : 159
2020-07-23 14:09:05,508 - movie_logger - INFO - 현재 페이지 : 160
2020-07-23 14:09:11,294 - movie_logger - INFO - 현재 페이지 : 161
2020-07-23 14:09:17,018 - movie_logger - INFO - 현재 페이지 : 162
2020-07-23 14:09:22,776 - movie_logger - INFO - 현재 페이지 : 163
2020-07-23 14:09:28,512 - movie_logger - INFO - 현재 페이지 : 164
2020-07-23 14:09:34,255 - movie_logger - INFO - 현재 페이지 : 165
2020-07-23 14:09:39,989 - movie_logger - INFO - 현재 페이지 : 166
2020-07-23 14:09:45,742 - movie_logger - INFO - 현재 페이지 : 167
2020-07-23 14:09:51,772 - movie_logger - INFO - 현재 페이지 : 168
2020-07-23 14:09:57,522 - movie_logger - INFO - 현재 페이지 : 169
2020-07-23 14:10:03,290 - movie_logger - INFO - 현재 페이지 : 170
2020-07-23 14:10:09,102 - movie_logger - INFO - 현재 페이지 : 171
2020-07-23 14:10:14,876 - movie_logger - INFO - 현재 페이지 : 172
2020-07-23 14:10:20,637 - movie_logger - INFO - 현재 페이지 : 173
2020-07-23 14:10:26,417 - movie_logger - INFO - 현재 페이지 : 174
2020-07-23 14:10:32,172 - movie_logger - INFO - 현재 페이지 : 175
2020-07-23 14:10:37,984 - movie_logger - INFO - 현재 페이지 : 176
2020-07-23 14:10:43,728 - movie_logger - INFO - 현재 페이지 : 177
2020-07-23 14:10:49,490 - movie_logger - INFO - 현재 페이지 : 178
2020-07-23 14:10:55,237 - movie_logger - INFO - 현재 페이지 : 179
2020-07-23 14:11:01,006 - movie_logger - INFO - 현재 페이지 : 180
2020-07-23 14:11:06,772 - movie_logger - INFO - 현재 페이지 : 181
2020-07-23 14:11:12,534 - movie_logger - INFO - 현재 페이지 : 182
2020-07-23 14:11:18,321 - movie_logger - INFO - 현재 페이지 : 183
2020-07-23 14:11:24,056 - movie_logger - INFO - 현재 페이지 : 184
2020-07-23 14:11:29,810 - movie_logger - INFO - 현재 페이지 : 185
2020-07-23 14:11:35,563 - movie_logger - INFO - 현재 페이지 : 186
2020-07-23 14:11:41,156 - movie_logger - INFO - 현재 페이지 : 187
2020-07-23 14:11:41,889 - movie_logger - INFO - 현재 페이지 : 188
2020-07-23 14:11:42,587 - movie_logger - INFO - 현재 페이지 : 189
2020-07-23 14:11:48,312 - movie_logger - INFO - 현재 페이지 : 190
2020-07-23 14:11:54,109 - movie_logger - INFO - 현재 페이지 : 191
2020-07-23 14:11:59,857 - movie_logger - INFO - 현재 페이지 : 192
2020-07-23 14:12:05,613 - movie_logger - INFO - 현재 페이지 : 193
2020-07-23 14:12:11,357 - movie_logger - INFO - 현재 페이지 : 194
2020-07-23 14:12:17,109 - movie_logger - INFO - 현재 페이지 : 195
2020-07-23 14:12:22,866 - movie_logger - INFO - 현재 페이지 : 196
2020-07-23 14:12:28,613 - movie_logger - INFO - 현재 페이지 : 197
2020-07-23 14:12:34,352 - movie_logger - INFO - 현재 페이지 : 198
2020-07-23 14:12:40,109 - movie_logger - INFO - 현재 페이지 : 199
2020-07-23 14:12:45,876 - movie_logger - INFO - 현재 페이지 : 200
2020-07-23 14:12:51,609 - movie_logger - INFO - 현재 페이지 : 201
2020-07-23 14:12:57,354 - movie_logger - INFO - 현재 페이지 : 202
2020-07-23 14:13:03,090 - movie_logger - INFO - 현재 페이지 : 203
2020-07-23 14:13:08,882 - movie_logger - INFO - 현재 페이지 : 204
2020-07-23 14:13:14,637 - movie_logger - INFO - 현재 페이지 : 205
2020-07-23 14:13:20,397 - movie_logger - INFO - 현재 페이지 : 206
2020-07-23 14:13:26,151 - movie_logger - INFO - 현재 페이지 : 207
2020-07-23 14:13:31,923 - movie_logger - INFO - 현재 페이지 : 208
2020-07-23 14:13:37,698 - movie_logger - INFO - 현재 페이지 : 209
2020-07-23 14:13:43,449 - movie_logger - INFO - 현재 페이지 : 210
2020-07-23 14:13:49,202 - movie_logger - INFO - 현재 페이지 : 211
2020-07-23 14:13:54,973 - movie_logger - INFO - 현재 페이지 : 212
2020-07-23 14:14:00,720 - movie_logger - INFO - 현재 페이지 : 213
2020-07-23 14:14:06,456 - movie_logger - INFO - 현재 페이지 : 214
2020-07-23 14:14:12,221 - movie_logger - INFO - 현재 페이지 : 215
2020-07-23 14:14:17,969 - movie_logger - INFO - 현재 페이지 : 216
2020-07-23 14:14:23,734 - movie_logger - INFO - 현재 페이지 : 217
2020-07-23 14:14:29,540 - movie_logger - INFO - 현재 페이지 : 218
2020-07-23 14:14:35,280 - movie_logger - INFO - 현재 페이지 : 219
2020-07-23 14:14:41,045 - movie_logger - INFO - 현재 페이지 : 220
2020-07-23 14:14:46,959 - movie_logger - INFO - 현재 페이지 : 221
2020-07-23 14:14:52,705 - movie_logger - INFO - 현재 페이지 : 222
2020-07-23 14:14:58,441 - movie_logger - INFO - 현재 페이지 : 223
2020-07-23 14:15:04,194 - movie_logger - INFO - 현재 페이지 : 224
2020-07-23 14:15:09,957 - movie_logger - INFO - 현재 페이지 : 225
2020-07-23 14:15:15,715 - movie_logger - INFO - 현재 페이지 : 226
2020-07-23 14:15:21,481 - movie_logger - INFO - 현재 페이지 : 227
2020-07-23 14:15:27,232 - movie_logger - INFO - 현재 페이지 : 228
2020-07-23 14:15:33,006 - movie_logger - INFO - 현재 페이지 : 229
2020-07-23 14:15:38,756 - movie_logger - INFO - 현재 페이지 : 230
2020-07-23 14:15:44,493 - movie_logger - INFO - 현재 페이지 : 231
2020-07-23 14:15:50,244 - movie_logger - INFO - 현재 페이지 : 232
2020-07-23 14:15:55,987 - movie_logger - INFO - 현재 페이지 : 233
2020-07-23 14:16:01,796 - movie_logger - INFO - 현재 페이지 : 234
2020-07-23 14:16:07,556 - movie_logger - INFO - 현재 페이지 : 235
2020-07-23 14:16:13,349 - movie_logger - INFO - 현재 페이지 : 236
2020-07-23 14:16:19,124 - movie_logger - INFO - 현재 페이지 : 237
2020-07-23 14:16:24,892 - movie_logger - INFO - 현재 페이지 : 238
2020-07-23 14:16:30,669 - movie_logger - INFO - 현재 페이지 : 239
2020-07-23 14:16:36,426 - movie_logger - INFO - 현재 페이지 : 240
2020-07-23 14:16:42,160 - movie_logger - INFO - 현재 페이지 : 241
2020-07-23 14:16:47,914 - movie_logger - INFO - 현재 페이지 : 242
2020-07-23 14:16:53,665 - movie_logger - INFO - 현재 페이지 : 243
2020-07-23 14:16:59,426 - movie_logger - INFO - 현재 페이지 : 244
2020-07-23 14:17:05,168 - movie_logger - INFO - 현재 페이지 : 245
2020-07-23 14:17:10,960 - movie_logger - INFO - 현재 페이지 : 246
2020-07-23 14:17:16,736 - movie_logger - INFO - 현재 페이지 : 247
2020-07-23 14:17:22,514 - movie_logger - INFO - 현재 페이지 : 248
2020-07-23 14:17:28,261 - movie_logger - INFO - 현재 페이지 : 249
2020-07-23 14:17:34,030 - movie_logger - INFO - 현재 페이지 : 250
2020-07-23 14:17:39,775 - movie_logger - INFO - 현재 페이지 : 251
2020-07-23 14:17:45,556 - movie_logger - INFO - 현재 페이지 : 252
2020-07-23 14:17:51,332 - movie_logger - INFO - 현재 페이지 : 253
2020-07-23 14:17:57,084 - movie_logger - INFO - 현재 페이지 : 254
2020-07-23 14:18:02,805 - movie_logger - INFO - 현재 페이지 : 255
2020-07-23 14:18:08,606 - movie_logger - INFO - 현재 페이지 : 256
2020-07-23 14:18:14,332 - movie_logger - INFO - 현재 페이지 : 257
2020-07-23 14:18:20,470 - movie_logger - INFO - 현재 페이지 : 258
2020-07-23 14:18:26,219 - movie_logger - INFO - 현재 페이지 : 259
2020-07-23 14:18:31,958 - movie_logger - INFO - 현재 페이지 : 260
2020-07-23 14:18:37,736 - movie_logger - INFO - 현재 페이지 : 261
2020-07-23 14:18:43,489 - movie_logger - INFO - 현재 페이지 : 262
2020-07-23 14:18:49,248 - movie_logger - INFO - 현재 페이지 : 263
2020-07-23 14:18:54,996 - movie_logger - INFO - 현재 페이지 : 264
2020-07-23 14:19:00,768 - movie_logger - INFO - 현재 페이지 : 265
2020-07-23 14:19:06,506 - movie_logger - INFO - 현재 페이지 : 266
2020-07-23 14:19:12,254 - movie_logger - INFO - 현재 페이지 : 267
2020-07-23 14:19:17,997 - movie_logger - INFO - 현재 페이지 : 268
2020-07-23 14:19:23,744 - movie_logger - INFO - 현재 페이지 : 269
2020-07-23 14:19:29,544 - movie_logger - INFO - 현재 페이지 : 270
2020-07-23 14:19:35,325 - movie_logger - INFO - 현재 페이지 : 271
2020-07-23 14:19:41,071 - movie_logger - INFO - 현재 페이지 : 272
2020-07-23 14:19:46,822 - movie_logger - INFO - 현재 페이지 : 273
2020-07-23 14:19:52,573 - movie_logger - INFO - 현재 페이지 : 274
2020-07-23 14:19:58,311 - movie_logger - INFO - 현재 페이지 : 275
2020-07-23 14:20:04,066 - movie_logger - INFO - 현재 페이지 : 276
2020-07-23 14:20:09,840 - movie_logger - INFO - 현재 페이지 : 277
2020-07-23 14:20:15,600 - movie_logger - INFO - 현재 페이지 : 278
2020-07-23 14:20:21,354 - movie_logger - INFO - 현재 페이지 : 279
2020-07-23 14:20:27,103 - movie_logger - INFO - 현재 페이지 : 280
2020-07-23 14:20:32,847 - movie_logger - INFO - 현재 페이지 : 281
2020-07-23 14:20:38,580 - movie_logger - INFO - 현재 페이지 : 282
2020-07-23 14:20:44,327 - movie_logger - INFO - 현재 페이지 : 283
2020-07-23 14:20:50,065 - movie_logger - INFO - 현재 페이지 : 284
2020-07-23 14:20:55,827 - movie_logger - INFO - 현재 페이지 : 285
2020-07-23 14:21:01,567 - movie_logger - INFO - 현재 페이지 : 286
2020-07-23 14:21:07,345 - movie_logger - INFO - 현재 페이지 : 287
2020-07-23 14:21:13,107 - movie_logger - INFO - 현재 페이지 : 288
2020-07-23 14:21:18,879 - movie_logger - INFO - 현재 페이지 : 289
2020-07-23 14:21:24,660 - movie_logger - INFO - 현재 페이지 : 290
2020-07-23 14:21:30,402 - movie_logger - INFO - 현재 페이지 : 291
2020-07-23 14:21:36,185 - movie_logger - INFO - 현재 페이지 : 292
2020-07-23 14:21:41,957 - movie_logger - INFO - 현재 페이지 : 293
2020-07-23 14:21:47,694 - movie_logger - INFO - 현재 페이지 : 294
2020-07-23 14:21:54,431 - movie_logger - INFO - 현재 페이지 : 295
2020-07-23 14:22:00,171 - movie_logger - INFO - 현재 페이지 : 296
2020-07-23 14:22:05,945 - movie_logger - INFO - 현재 페이지 : 297
2020-07-23 14:22:11,679 - movie_logger - INFO - 현재 페이지 : 298
2020-07-23 14:22:17,442 - movie_logger - INFO - 현재 페이지 : 299
2020-07-23 14:22:23,191 - movie_logger - INFO - 현재 페이지 : 300
2020-07-23 14:22:29,209 - movie_logger - INFO - 현재 페이지 : 301
2020-07-23 14:22:34,967 - movie_logger - INFO - 현재 페이지 : 302
2020-07-23 14:22:40,713 - movie_logger - INFO - 현재 페이지 : 303
2020-07-23 14:22:46,497 - movie_logger - INFO - 현재 페이지 : 304
2020-07-23 14:22:52,858 - movie_logger - INFO - 현재 페이지 : 305
2020-07-23 14:22:58,596 - movie_logger - INFO - 현재 페이지 : 306
2020-07-23 14:23:04,360 - movie_logger - INFO - 현재 페이지 : 307
2020-07-23 14:23:10,133 - movie_logger - INFO - 현재 페이지 : 308
2020-07-23 14:23:15,882 - movie_logger - INFO - 현재 페이지 : 309
2020-07-23 14:23:21,625 - movie_logger - INFO - 현재 페이지 : 310
2020-07-23 14:23:27,387 - movie_logger - INFO - 현재 페이지 : 311
2020-07-23 14:23:33,140 - movie_logger - INFO - 현재 페이지 : 312
2020-07-23 14:23:38,915 - movie_logger - INFO - 현재 페이지 : 313
2020-07-23 14:23:44,641 - movie_logger - INFO - 현재 페이지 : 314
2020-07-23 14:23:50,366 - movie_logger - INFO - 현재 페이지 : 315
2020-07-23 14:23:56,130 - movie_logger - INFO - 현재 페이지 : 316
2020-07-23 14:24:01,934 - movie_logger - INFO - 현재 페이지 : 317
2020-07-23 14:24:07,709 - movie_logger - INFO - 현재 페이지 : 318
2020-07-23 14:24:13,467 - movie_logger - INFO - 현재 페이지 : 319
2020-07-23 14:24:19,234 - movie_logger - INFO - 현재 페이지 : 320
2020-07-23 14:24:24,997 - movie_logger - INFO - 현재 페이지 : 321
2020-07-23 14:24:30,752 - movie_logger - INFO - 현재 페이지 : 322
2020-07-23 14:24:36,505 - movie_logger - INFO - 현재 페이지 : 323
2020-07-23 14:24:42,265 - movie_logger - INFO - 현재 페이지 : 324
2020-07-23 14:24:48,027 - movie_logger - INFO - 현재 페이지 : 325
2020-07-23 14:24:53,810 - movie_logger - INFO - 현재 페이지 : 326
2020-07-23 14:24:59,570 - movie_logger - INFO - 현재 페이지 : 327
2020-07-23 14:25:05,310 - movie_logger - INFO - 현재 페이지 : 328
2020-07-23 14:25:11,122 - movie_logger - INFO - 현재 페이지 : 329
2020-07-23 14:25:16,892 - movie_logger - INFO - 현재 페이지 : 330
2020-07-23 14:25:22,704 - movie_logger - INFO - 현재 페이지 : 331
2020-07-23 14:25:28,699 - movie_logger - INFO - 현재 페이지 : 332
2020-07-23 14:25:34,483 - movie_logger - INFO - 현재 페이지 : 333
2020-07-23 14:25:40,259 - movie_logger - INFO - 현재 페이지 : 334
2020-07-23 14:25:46,061 - movie_logger - INFO - 현재 페이지 : 335
2020-07-23 14:25:48,760 - movie_logger - INFO - 현재 페이지 : 336
2020-07-23 14:25:49,532 - movie_logger - INFO - 현재 페이지 : 337
2020-07-23 14:25:50,303 - movie_logger - INFO - 현재 페이지 : 338
2020-07-23 14:25:56,352 - movie_logger - INFO - 현재 페이지 : 339
2020-07-23 14:26:02,145 - movie_logger - INFO - 현재 페이지 : 340
2020-07-23 14:26:07,933 - movie_logger - INFO - 현재 페이지 : 341
2020-07-23 14:26:13,714 - movie_logger - INFO - 현재 페이지 : 342
2020-07-23 14:26:19,527 - movie_logger - INFO - 현재 페이지 : 343
2020-07-23 14:26:25,295 - movie_logger - INFO - 현재 페이지 : 344
2020-07-23 14:26:31,318 - movie_logger - INFO - 현재 페이지 : 345
2020-07-23 14:26:37,095 - movie_logger - INFO - 현재 페이지 : 346
2020-07-23 14:26:42,873 - movie_logger - INFO - 현재 페이지 : 347
2020-07-23 14:26:48,627 - movie_logger - INFO - 현재 페이지 : 348
2020-07-23 14:26:54,393 - movie_logger - INFO - 현재 페이지 : 349
2020-07-23 14:27:00,169 - movie_logger - INFO - 현재 페이지 : 350
2020-07-23 14:27:05,949 - movie_logger - INFO - 현재 페이지 : 351
2020-07-23 14:27:12,027 - movie_logger - INFO - 현재 페이지 : 352
2020-07-23 14:27:17,866 - movie_logger - INFO - 현재 페이지 : 353
2020-07-23 14:27:23,637 - movie_logger - INFO - 현재 페이지 : 354
2020-07-23 14:27:29,410 - movie_logger - INFO - 현재 페이지 : 355
2020-07-23 14:27:35,191 - movie_logger - INFO - 현재 페이지 : 356
2020-07-23 14:27:40,968 - movie_logger - INFO - 현재 페이지 : 357
2020-07-23 14:27:46,728 - movie_logger - INFO - 현재 페이지 : 358
2020-07-23 14:27:52,510 - movie_logger - INFO - 현재 페이지 : 359
2020-07-23 14:27:58,289 - movie_logger - INFO - 현재 페이지 : 360
2020-07-23 14:28:04,031 - movie_logger - INFO - 현재 페이지 : 361
2020-07-23 14:28:09,828 - movie_logger - INFO - 현재 페이지 : 362
2020-07-23 14:28:15,621 - movie_logger - INFO - 현재 페이지 : 363
2020-07-23 14:28:21,376 - movie_logger - INFO - 현재 페이지 : 364
2020-07-23 14:28:27,165 - movie_logger - INFO - 현재 페이지 : 365
2020-07-23 14:28:32,946 - movie_logger - INFO - 현재 페이지 : 366
2020-07-23 14:28:38,708 - movie_logger - INFO - 현재 페이지 : 367
2020-07-23 14:28:44,474 - movie_logger - INFO - 현재 페이지 : 368
2020-07-23 14:28:50,252 - movie_logger - INFO - 현재 페이지 : 369
2020-07-23 14:28:56,081 - movie_logger - INFO - 현재 페이지 : 370
2020-07-23 14:29:01,850 - movie_logger - INFO - 현재 페이지 : 371
2020-07-23 14:29:07,606 - movie_logger - INFO - 현재 페이지 : 372
2020-07-23 14:29:13,382 - movie_logger - INFO - 현재 페이지 : 373
2020-07-23 14:29:19,166 - movie_logger - INFO - 현재 페이지 : 374
2020-07-23 14:29:24,951 - movie_logger - INFO - 현재 페이지 : 375
2020-07-23 14:29:31,103 - movie_logger - INFO - 현재 페이지 : 376
2020-07-23 14:29:36,869 - movie_logger - INFO - 현재 페이지 : 377
2020-07-23 14:29:42,649 - movie_logger - INFO - 현재 페이지 : 378
2020-07-23 14:29:48,434 - movie_logger - INFO - 현재 페이지 : 379
2020-07-23 14:29:54,177 - movie_logger - INFO - 현재 페이지 : 380
2020-07-23 14:29:59,962 - movie_logger - INFO - 현재 페이지 : 381
2020-07-23 14:30:05,742 - movie_logger - INFO - 현재 페이지 : 382
2020-07-23 14:30:11,509 - movie_logger - INFO - 현재 페이지 : 383
2020-07-23 14:30:17,431 - movie_logger - INFO - 현재 페이지 : 384
2020-07-23 14:30:23,220 - movie_logger - INFO - 현재 페이지 : 385
2020-07-23 14:30:28,993 - movie_logger - INFO - 현재 페이지 : 386
2020-07-23 14:30:34,770 - movie_logger - INFO - 현재 페이지 : 387
2020-07-23 14:30:40,555 - movie_logger - INFO - 현재 페이지 : 388
2020-07-23 14:30:46,333 - movie_logger - INFO - 현재 페이지 : 389
2020-07-23 14:30:52,159 - movie_logger - INFO - 현재 페이지 : 390
2020-07-23 14:30:57,916 - movie_logger - INFO - 현재 페이지 : 391
2020-07-23 14:31:03,703 - movie_logger - INFO - 현재 페이지 : 392
2020-07-23 14:31:09,490 - movie_logger - INFO - 현재 페이지 : 393
2020-07-23 14:31:15,268 - movie_logger - INFO - 현재 페이지 : 394
2020-07-23 14:31:21,036 - movie_logger - INFO - 현재 페이지 : 395
2020-07-23 14:31:26,807 - movie_logger - INFO - 현재 페이지 : 396
2020-07-23 14:31:32,577 - movie_logger - INFO - 현재 페이지 : 397
2020-07-23 14:31:38,356 - movie_logger - INFO - 현재 페이지 : 398
2020-07-23 14:31:44,267 - movie_logger - INFO - 현재 페이지 : 399
2020-07-23 14:31:50,053 - movie_logger - INFO - 현재 페이지 : 400
2020-07-23 14:31:55,826 - movie_logger - INFO - 현재 페이지 : 401
2020-07-23 14:32:01,613 - movie_logger - INFO - 현재 페이지 : 402
2020-07-23 14:32:07,398 - movie_logger - INFO - 현재 페이지 : 403
2020-07-23 14:32:13,190 - movie_logger - INFO - 현재 페이지 : 404
2020-07-23 14:32:18,998 - movie_logger - INFO - 현재 페이지 : 405
2020-07-23 14:32:24,765 - movie_logger - INFO - 현재 페이지 : 406
2020-07-23 14:32:30,534 - movie_logger - INFO - 현재 페이지 : 407
2020-07-23 14:32:36,309 - movie_logger - INFO - 현재 페이지 : 408
2020-07-23 14:32:42,077 - movie_logger - INFO - 현재 페이지 : 409
2020-07-23 14:32:47,861 - movie_logger - INFO - 현재 페이지 : 410
2020-07-23 14:32:53,649 - movie_logger - INFO - 현재 페이지 : 411
2020-07-23 14:32:59,445 - movie_logger - INFO - 현재 페이지 : 412
2020-07-23 14:33:05,234 - movie_logger - INFO - 현재 페이지 : 413
2020-07-23 14:33:11,003 - movie_logger - INFO - 현재 페이지 : 414
2020-07-23 14:33:16,817 - movie_logger - INFO - 현재 페이지 : 415
2020-07-23 14:33:22,597 - movie_logger - INFO - 현재 페이지 : 416
2020-07-23 14:33:28,381 - movie_logger - INFO - 현재 페이지 : 417
2020-07-23 14:33:34,176 - movie_logger - INFO - 현재 페이지 : 418
2020-07-23 14:33:39,949 - movie_logger - INFO - 현재 페이지 : 419
2020-07-23 14:33:45,730 - movie_logger - INFO - 현재 페이지 : 420
2020-07-23 14:33:51,535 - movie_logger - INFO - 현재 페이지 : 421
2020-07-23 14:33:57,316 - movie_logger - INFO - 현재 페이지 : 422
2020-07-23 14:34:03,088 - movie_logger - INFO - 현재 페이지 : 423
2020-07-23 14:34:08,859 - movie_logger - INFO - 현재 페이지 : 424
2020-07-23 14:34:14,638 - movie_logger - INFO - 현재 페이지 : 425
2020-07-23 14:34:20,463 - movie_logger - INFO - 현재 페이지 : 426
2020-07-23 14:34:26,239 - movie_logger - INFO - 현재 페이지 : 427
2020-07-23 14:34:32,018 - movie_logger - INFO - 현재 페이지 : 428
2020-07-23 14:34:37,794 - movie_logger - INFO - 현재 페이지 : 429
2020-07-23 14:34:43,579 - movie_logger - INFO - 현재 페이지 : 430
2020-07-23 14:34:49,416 - movie_logger - INFO - 현재 페이지 : 431
2020-07-23 14:34:55,196 - movie_logger - INFO - 현재 페이지 : 432
2020-07-23 14:35:01,239 - movie_logger - INFO - 현재 페이지 : 433
2020-07-23 14:35:06,999 - movie_logger - INFO - 현재 페이지 : 434
2020-07-23 14:35:12,774 - movie_logger - INFO - 현재 페이지 : 435
2020-07-23 14:35:18,538 - movie_logger - INFO - 현재 페이지 : 436
2020-07-23 14:35:24,316 - movie_logger - INFO - 현재 페이지 : 437
2020-07-23 14:35:30,076 - movie_logger - INFO - 현재 페이지 : 438
2020-07-23 14:35:35,843 - movie_logger - INFO - 현재 페이지 : 439
2020-07-23 14:35:41,613 - movie_logger - INFO - 현재 페이지 : 440
2020-07-23 14:35:47,391 - movie_logger - INFO - 현재 페이지 : 441
2020-07-23 14:35:53,164 - movie_logger - INFO - 현재 페이지 : 442
2020-07-23 14:35:58,960 - movie_logger - INFO - 현재 페이지 : 443
2020-07-23 14:36:04,740 - movie_logger - INFO - 현재 페이지 : 444
2020-07-23 14:36:10,518 - movie_logger - INFO - 현재 페이지 : 445
2020-07-23 14:36:16,300 - movie_logger - INFO - 현재 페이지 : 446
2020-07-23 14:36:22,088 - movie_logger - INFO - 현재 페이지 : 447
2020-07-23 14:36:27,886 - movie_logger - INFO - 현재 페이지 : 448
2020-07-23 14:36:33,670 - movie_logger - INFO - 현재 페이지 : 449
2020-07-23 14:36:39,463 - movie_logger - INFO - 현재 페이지 : 450
2020-07-23 14:36:45,231 - movie_logger - INFO - 현재 페이지 : 451
2020-07-23 14:36:50,999 - movie_logger - INFO - 현재 페이지 : 452
2020-07-23 14:36:56,789 - movie_logger - INFO - 현재 페이지 : 453
2020-07-23 14:37:02,560 - movie_logger - INFO - 현재 페이지 : 454
2020-07-23 14:37:08,341 - movie_logger - INFO - 현재 페이지 : 455
2020-07-23 14:37:14,177 - movie_logger - INFO - 현재 페이지 : 456
2020-07-23 14:37:19,967 - movie_logger - INFO - 현재 페이지 : 457
2020-07-23 14:37:25,790 - movie_logger - INFO - 현재 페이지 : 458
2020-07-23 14:37:31,557 - movie_logger - INFO - 현재 페이지 : 459
2020-07-23 14:37:37,317 - movie_logger - INFO - 현재 페이지 : 460
2020-07-23 14:37:43,069 - movie_logger - INFO - 현재 페이지 : 461
2020-07-23 14:37:48,855 - movie_logger - INFO - 현재 페이지 : 462
2020-07-23 14:37:54,624 - movie_logger - INFO - 현재 페이지 : 463
2020-07-23 14:38:00,390 - movie_logger - INFO - 현재 페이지 : 464
2020-07-23 14:38:06,158 - movie_logger - INFO - 현재 페이지 : 465
2020-07-23 14:38:11,928 - movie_logger - INFO - 현재 페이지 : 466
2020-07-23 14:38:17,716 - movie_logger - INFO - 현재 페이지 : 467
2020-07-23 14:38:23,510 - movie_logger - INFO - 현재 페이지 : 468
2020-07-23 14:38:29,286 - movie_logger - INFO - 현재 페이지 : 469
2020-07-23 14:38:35,069 - movie_logger - INFO - 현재 페이지 : 470
2020-07-23 14:38:40,942 - movie_logger - INFO - 현재 페이지 : 471
2020-07-23 14:38:53,609 - movie_logger - INFO - 현재 페이지 : 472
2020-07-23 14:38:59,470 - movie_logger - INFO - 현재 페이지 : 473
2020-07-23 14:39:05,232 - movie_logger - INFO - 현재 페이지 : 474
2020-07-23 14:39:11,019 - movie_logger - INFO - 현재 페이지 : 475
2020-07-23 14:39:16,806 - movie_logger - INFO - 현재 페이지 : 476
2020-07-23 14:39:22,696 - movie_logger - INFO - 현재 페이지 : 477
2020-07-23 14:39:28,580 - movie_logger - INFO - 현재 페이지 : 478
2020-07-23 14:39:34,364 - movie_logger - INFO - 현재 페이지 : 479
2020-07-23 14:39:40,217 - movie_logger - INFO - 현재 페이지 : 480
2020-07-23 14:39:45,977 - movie_logger - INFO - 현재 페이지 : 481
2020-07-23 14:39:51,800 - movie_logger - INFO - 현재 페이지 : 482
2020-07-23 14:39:58,655 - movie_logger - INFO - 현재 페이지 : 483
2020-07-23 14:40:04,537 - movie_logger - INFO - 현재 페이지 : 484
2020-07-23 14:40:10,445 - movie_logger - INFO - 현재 페이지 : 485
2020-07-23 14:40:16,212 - movie_logger - INFO - 현재 페이지 : 486
2020-07-23 14:40:21,941 - movie_logger - INFO - 현재 페이지 : 487
2020-07-23 14:40:27,845 - movie_logger - INFO - 현재 페이지 : 488
2020-07-23 14:40:33,636 - movie_logger - INFO - 현재 페이지 : 489
2020-07-23 14:40:39,408 - movie_logger - INFO - 현재 페이지 : 490
2020-07-23 14:40:45,195 - movie_logger - INFO - 현재 페이지 : 491
2020-07-23 14:40:50,966 - movie_logger - INFO - 현재 페이지 : 492
2020-07-23 14:40:56,737 - movie_logger - INFO - 현재 페이지 : 493
2020-07-23 14:41:02,549 - movie_logger - INFO - 현재 페이지 : 494
2020-07-23 14:41:08,326 - movie_logger - INFO - 현재 페이지 : 495
2020-07-23 14:41:14,096 - movie_logger - INFO - 현재 페이지 : 496
2020-07-23 14:41:19,856 - movie_logger - INFO - 현재 페이지 : 497
2020-07-23 14:41:25,610 - movie_logger - INFO - 현재 페이지 : 498
2020-07-23 14:41:31,361 - movie_logger - INFO - 현재 페이지 : 499
2020-07-23 14:41:37,402 - movie_logger - INFO - 현재 페이지 : 500
2020-07-23 14:41:43,499 - movie_logger - INFO - 현재 페이지 : 501
2020-07-23 14:41:49,456 - movie_logger - INFO - 현재 페이지 : 502
2020-07-23 14:41:55,542 - movie_logger - INFO - 현재 페이지 : 503
2020-07-23 14:42:01,294 - movie_logger - INFO - 현재 페이지 : 504
2020-07-23 14:42:07,053 - movie_logger - INFO - 현재 페이지 : 505
2020-07-23 14:42:12,813 - movie_logger - INFO - 현재 페이지 : 506
2020-07-23 14:42:18,583 - movie_logger - INFO - 현재 페이지 : 507
2020-07-23 14:42:24,323 - movie_logger - INFO - 현재 페이지 : 508
2020-07-23 14:42:30,076 - movie_logger - INFO - 현재 페이지 : 509
2020-07-23 14:42:36,271 - movie_logger - INFO - 현재 페이지 : 510
2020-07-23 14:42:42,045 - movie_logger - INFO - 현재 페이지 : 511
2020-07-23 14:42:47,802 - movie_logger - INFO - 현재 페이지 : 512
2020-07-23 14:42:53,549 - movie_logger - INFO - 현재 페이지 : 513
2020-07-23 14:42:59,346 - movie_logger - INFO - 현재 페이지 : 514
2020-07-23 14:43:05,080 - movie_logger - INFO - 현재 페이지 : 515
2020-07-23 14:43:10,860 - movie_logger - INFO - 현재 페이지 : 516
2020-07-23 14:43:16,622 - movie_logger - INFO - 현재 페이지 : 517
2020-07-23 14:43:22,387 - movie_logger - INFO - 현재 페이지 : 518
2020-07-23 14:43:28,160 - movie_logger - INFO - 현재 페이지 : 519
2020-07-23 14:43:33,909 - movie_logger - INFO - 현재 페이지 : 520
2020-07-23 14:43:39,649 - movie_logger - INFO - 현재 페이지 : 521
2020-07-23 14:43:45,410 - movie_logger - INFO - 현재 페이지 : 522
2020-07-23 14:43:51,167 - movie_logger - INFO - 현재 페이지 : 523
2020-07-23 14:43:56,943 - movie_logger - INFO - 현재 페이지 : 524
2020-07-23 14:44:02,684 - movie_logger - INFO - 현재 페이지 : 525
2020-07-23 14:44:08,461 - movie_logger - INFO - 현재 페이지 : 526
2020-07-23 14:44:14,233 - movie_logger - INFO - 현재 페이지 : 527
2020-07-23 14:44:19,985 - movie_logger - INFO - 현재 페이지 : 528
2020-07-23 14:44:25,730 - movie_logger - INFO - 현재 페이지 : 529
2020-07-23 14:44:31,498 - movie_logger - INFO - 현재 페이지 : 530
2020-07-23 14:44:37,251 - movie_logger - INFO - 현재 페이지 : 531
2020-07-23 14:44:43,012 - movie_logger - INFO - 현재 페이지 : 532
2020-07-23 14:44:48,770 - movie_logger - INFO - 현재 페이지 : 533
2020-07-23 14:44:54,495 - movie_logger - INFO - 현재 페이지 : 534
2020-07-23 14:45:00,244 - movie_logger - INFO - 현재 페이지 : 535
2020-07-23 14:45:06,008 - movie_logger - INFO - 현재 페이지 : 536
2020-07-23 14:45:11,753 - movie_logger - INFO - 현재 페이지 : 537
2020-07-23 14:45:17,509 - movie_logger - INFO - 현재 페이지 : 538
2020-07-23 14:45:23,285 - movie_logger - INFO - 현재 페이지 : 539
2020-07-23 14:45:29,032 - movie_logger - INFO - 현재 페이지 : 540
2020-07-23 14:45:34,791 - movie_logger - INFO - 현재 페이지 : 541
2020-07-23 14:45:40,563 - movie_logger - INFO - 현재 페이지 : 542
2020-07-23 14:45:46,298 - movie_logger - INFO - 현재 페이지 : 543
2020-07-23 14:45:52,088 - movie_logger - INFO - 현재 페이지 : 544
2020-07-23 14:45:57,849 - movie_logger - INFO - 현재 페이지 : 545
2020-07-23 14:46:03,638 - movie_logger - INFO - 현재 페이지 : 546
2020-07-23 14:46:09,403 - movie_logger - INFO - 현재 페이지 : 547
2020-07-23 14:46:15,153 - movie_logger - INFO - 현재 페이지 : 548
2020-07-23 14:46:20,922 - movie_logger - INFO - 현재 페이지 : 549
2020-07-23 14:46:26,663 - movie_logger - INFO - 현재 페이지 : 550
2020-07-23 14:46:32,426 - movie_logger - INFO - 현재 페이지 : 551
2020-07-23 14:46:38,171 - movie_logger - INFO - 현재 페이지 : 552
2020-07-23 14:46:43,914 - movie_logger - INFO - 현재 페이지 : 553
2020-07-23 14:46:49,675 - movie_logger - INFO - 현재 페이지 : 554
2020-07-23 14:46:55,420 - movie_logger - INFO - 현재 페이지 : 555
2020-07-23 14:47:01,170 - movie_logger - INFO - 현재 페이지 : 556
2020-07-23 14:47:06,959 - movie_logger - INFO - 현재 페이지 : 557
2020-07-23 14:47:12,737 - movie_logger - INFO - 현재 페이지 : 558
2020-07-23 14:47:18,506 - movie_logger - INFO - 현재 페이지 : 559
2020-07-23 14:47:24,251 - movie_logger - INFO - 현재 페이지 : 560
2020-07-23 14:47:29,995 - movie_logger - INFO - 현재 페이지 : 561
2020-07-23 14:47:35,768 - movie_logger - INFO - 현재 페이지 : 562
2020-07-23 14:47:41,518 - movie_logger - INFO - 현재 페이지 : 563
2020-07-23 14:47:47,281 - movie_logger - INFO - 현재 페이지 : 564
2020-07-23 14:47:53,042 - movie_logger - INFO - 현재 페이지 : 565
2020-07-23 14:47:58,790 - movie_logger - INFO - 현재 페이지 : 566
2020-07-23 14:48:04,553 - movie_logger - INFO - 현재 페이지 : 567
2020-07-23 14:48:10,310 - movie_logger - INFO - 현재 페이지 : 568
2020-07-23 14:48:16,062 - movie_logger - INFO - 현재 페이지 : 569
2020-07-23 14:48:21,839 - movie_logger - INFO - 현재 페이지 : 570
2020-07-23 14:48:27,624 - movie_logger - INFO - 현재 페이지 : 571
2020-07-23 14:48:33,384 - movie_logger - INFO - 현재 페이지 : 572
2020-07-23 14:48:39,143 - movie_logger - INFO - 현재 페이지 : 573
2020-07-23 14:48:44,888 - movie_logger - INFO - 현재 페이지 : 574
2020-07-23 14:48:50,653 - movie_logger - INFO - 현재 페이지 : 575
2020-07-23 14:48:56,377 - movie_logger - INFO - 현재 페이지 : 576
2020-07-23 14:49:02,112 - movie_logger - INFO - 현재 페이지 : 577
2020-07-23 14:49:07,901 - movie_logger - INFO - 현재 페이지 : 578
2020-07-23 14:49:13,686 - movie_logger - INFO - 현재 페이지 : 579
2020-07-23 14:49:19,453 - movie_logger - INFO - 현재 페이지 : 580
2020-07-23 14:49:25,251 - movie_logger - INFO - 현재 페이지 : 581
2020-07-23 14:49:31,013 - movie_logger - INFO - 현재 페이지 : 582
2020-07-23 14:49:36,776 - movie_logger - INFO - 현재 페이지 : 583
2020-07-23 14:49:42,536 - movie_logger - INFO - 현재 페이지 : 584
2020-07-23 14:49:48,323 - movie_logger - INFO - 현재 페이지 : 585
2020-07-23 14:49:54,099 - movie_logger - INFO - 현재 페이지 : 586
2020-07-23 14:49:59,884 - movie_logger - INFO - 현재 페이지 : 587
2020-07-23 14:50:05,637 - movie_logger - INFO - 현재 페이지 : 588
2020-07-23 14:50:11,404 - movie_logger - INFO - 현재 페이지 : 589
2020-07-23 14:50:17,180 - movie_logger - INFO - 현재 페이지 : 590
2020-07-23 14:50:22,927 - movie_logger - INFO - 현재 페이지 : 591
2020-07-23 14:50:28,699 - movie_logger - INFO - 현재 페이지 : 592
2020-07-23 14:50:34,456 - movie_logger - INFO - 현재 페이지 : 593
2020-07-23 14:50:40,223 - movie_logger - INFO - 현재 페이지 : 594
2020-07-23 14:50:45,977 - movie_logger - INFO - 현재 페이지 : 595
2020-07-23 14:50:51,745 - movie_logger - INFO - 현재 페이지 : 596
2020-07-23 14:50:58,159 - movie_logger - INFO - 현재 페이지 : 597
2020-07-23 14:51:03,877 - movie_logger - INFO - 현재 페이지 : 598
2020-07-23 14:51:09,643 - movie_logger - INFO - 현재 페이지 : 599
2020-07-23 14:51:15,404 - movie_logger - INFO - 현재 페이지 : 600
2020-07-23 14:51:21,171 - movie_logger - INFO - 현재 페이지 : 601
2020-07-23 14:51:26,915 - movie_logger - INFO - 현재 페이지 : 602
2020-07-23 14:51:32,694 - movie_logger - INFO - 현재 페이지 : 603
2020-07-23 14:51:38,453 - movie_logger - INFO - 현재 페이지 : 604
2020-07-23 14:51:44,235 - movie_logger - INFO - 현재 페이지 : 605
2020-07-23 14:51:49,996 - movie_logger - INFO - 현재 페이지 : 606
2020-07-23 14:51:55,755 - movie_logger - INFO - 현재 페이지 : 607
2020-07-23 14:52:01,515 - movie_logger - INFO - 현재 페이지 : 608
2020-07-23 14:52:07,259 - movie_logger - INFO - 현재 페이지 : 609
2020-07-23 14:52:13,031 - movie_logger - INFO - 현재 페이지 : 610
2020-07-23 14:52:18,793 - movie_logger - INFO - 현재 페이지 : 611
2020-07-23 14:52:24,552 - movie_logger - INFO - 현재 페이지 : 612
2020-07-23 14:52:30,299 - movie_logger - INFO - 현재 페이지 : 613
2020-07-23 14:52:36,077 - movie_logger - INFO - 현재 페이지 : 614
2020-07-23 14:52:41,821 - movie_logger - INFO - 현재 페이지 : 615
2020-07-23 14:52:47,573 - movie_logger - INFO - 현재 페이지 : 616
2020-07-23 14:52:54,143 - movie_logger - INFO - 현재 페이지 : 617
2020-07-23 14:52:59,920 - movie_logger - INFO - 현재 페이지 : 618
2020-07-23 14:53:05,674 - movie_logger - INFO - 현재 페이지 : 619
2020-07-23 14:53:11,406 - movie_logger - INFO - 현재 페이지 : 620
2020-07-23 14:53:17,176 - movie_logger - INFO - 현재 페이지 : 621
2020-07-23 14:53:22,967 - movie_logger - INFO - 현재 페이지 : 622
2020-07-23 14:53:28,721 - movie_logger - INFO - 현재 페이지 : 623
2020-07-23 14:53:34,487 - movie_logger - INFO - 현재 페이지 : 624
2020-07-23 14:53:40,254 - movie_logger - INFO - 현재 페이지 : 625
2020-07-23 14:53:46,289 - movie_logger - INFO - 현재 페이지 : 626
2020-07-23 14:53:52,109 - movie_logger - INFO - 현재 페이지 : 627
2020-07-23 14:53:57,866 - movie_logger - INFO - 현재 페이지 : 628
2020-07-23 14:54:03,617 - movie_logger - INFO - 현재 페이지 : 629
2020-07-23 14:54:09,607 - movie_logger - INFO - 현재 페이지 : 630
2020-07-23 14:54:15,485 - movie_logger - INFO - 현재 페이지 : 631
2020-07-23 14:54:21,254 - movie_logger - INFO - 현재 페이지 : 632
2020-07-23 14:54:27,048 - movie_logger - INFO - 현재 페이지 : 633
2020-07-23 14:54:32,830 - movie_logger - INFO - 현재 페이지 : 634
2020-07-23 14:54:38,597 - movie_logger - INFO - 현재 페이지 : 635
2020-07-23 14:54:44,339 - movie_logger - INFO - 현재 페이지 : 636
2020-07-23 14:54:50,098 - movie_logger - INFO - 현재 페이지 : 637
2020-07-23 14:54:55,838 - movie_logger - INFO - 현재 페이지 : 638
2020-07-23 14:55:01,600 - movie_logger - INFO - 현재 페이지 : 639
2020-07-23 14:55:07,363 - movie_logger - INFO - 현재 페이지 : 640
2020-07-23 14:55:13,094 - movie_logger - INFO - 현재 페이지 : 641
2020-07-23 14:55:18,837 - movie_logger - INFO - 현재 페이지 : 642
2020-07-23 14:55:24,577 - movie_logger - INFO - 현재 페이지 : 643
2020-07-23 14:55:30,331 - movie_logger - INFO - 현재 페이지 : 644
2020-07-23 14:55:36,091 - movie_logger - INFO - 현재 페이지 : 645
2020-07-23 14:55:41,838 - movie_logger - INFO - 현재 페이지 : 646
2020-07-23 14:55:47,589 - movie_logger - INFO - 현재 페이지 : 647
2020-07-23 14:55:53,350 - movie_logger - INFO - 현재 페이지 : 648
2020-07-23 14:55:59,101 - movie_logger - INFO - 현재 페이지 : 649
2020-07-23 14:56:04,990 - movie_logger - INFO - 현재 페이지 : 650
2020-07-23 14:56:10,741 - movie_logger - INFO - 현재 페이지 : 651
2020-07-23 14:56:16,505 - movie_logger - INFO - 현재 페이지 : 652
2020-07-23 14:56:22,261 - movie_logger - INFO - 현재 페이지 : 653
2020-07-23 14:56:27,983 - movie_logger - INFO - 현재 페이지 : 654
2020-07-23 14:56:33,732 - movie_logger - INFO - 현재 페이지 : 655
2020-07-23 14:56:39,481 - movie_logger - INFO - 현재 페이지 : 656
2020-07-23 14:56:45,247 - movie_logger - INFO - 현재 페이지 : 657
2020-07-23 14:56:51,034 - movie_logger - INFO - 현재 페이지 : 658
2020-07-23 14:56:56,787 - movie_logger - INFO - 현재 페이지 : 659
2020-07-23 14:57:02,544 - movie_logger - INFO - 현재 페이지 : 660
2020-07-23 14:57:08,314 - movie_logger - INFO - 현재 페이지 : 661
2020-07-23 14:57:14,103 - movie_logger - INFO - 현재 페이지 : 662
2020-07-23 14:57:19,862 - movie_logger - INFO - 현재 페이지 : 663
2020-07-23 14:57:25,619 - movie_logger - INFO - 현재 페이지 : 664
2020-07-23 14:57:31,399 - movie_logger - INFO - 현재 페이지 : 665
2020-07-23 14:57:37,165 - movie_logger - INFO - 현재 페이지 : 666
2020-07-23 14:57:42,928 - movie_logger - INFO - 현재 페이지 : 667
2020-07-23 14:57:48,674 - movie_logger - INFO - 현재 페이지 : 668
2020-07-23 14:57:54,429 - movie_logger - INFO - 현재 페이지 : 669
2020-07-23 14:58:00,172 - movie_logger - INFO - 현재 페이지 : 670
2020-07-23 14:58:05,951 - movie_logger - INFO - 현재 페이지 : 671
2020-07-23 14:58:11,718 - movie_logger - INFO - 현재 페이지 : 672
2020-07-23 14:58:17,493 - movie_logger - INFO - 현재 페이지 : 673
2020-07-23 14:58:23,254 - movie_logger - INFO - 현재 페이지 : 674
2020-07-23 14:58:29,015 - movie_logger - INFO - 현재 페이지 : 675
2020-07-23 14:58:34,788 - movie_logger - INFO - 현재 페이지 : 676
2020-07-23 14:58:40,538 - movie_logger - INFO - 현재 페이지 : 677
2020-07-23 14:58:46,295 - movie_logger - INFO - 현재 페이지 : 678
2020-07-23 14:58:52,045 - movie_logger - INFO - 현재 페이지 : 679
2020-07-23 14:58:57,794 - movie_logger - INFO - 현재 페이지 : 680
2020-07-23 14:59:03,520 - movie_logger - INFO - 현재 페이지 : 681
2020-07-23 14:59:09,300 - movie_logger - INFO - 현재 페이지 : 682
2020-07-23 14:59:15,074 - movie_logger - INFO - 현재 페이지 : 683
2020-07-23 14:59:20,820 - movie_logger - INFO - 현재 페이지 : 684
2020-07-23 14:59:26,548 - movie_logger - INFO - 현재 페이지 : 685
2020-07-23 14:59:32,321 - movie_logger - INFO - 현재 페이지 : 686
2020-07-23 14:59:38,078 - movie_logger - INFO - 현재 페이지 : 687
2020-07-23 14:59:43,836 - movie_logger - INFO - 현재 페이지 : 688
2020-07-23 14:59:49,612 - movie_logger - INFO - 현재 페이지 : 689
2020-07-23 14:59:55,373 - movie_logger - INFO - 현재 페이지 : 690
2020-07-23 15:00:01,134 - movie_logger - INFO - 현재 페이지 : 691
2020-07-23 15:00:06,899 - movie_logger - INFO - 현재 페이지 : 692
2020-07-23 15:00:12,661 - movie_logger - INFO - 현재 페이지 : 693
2020-07-23 15:00:16,141 - movie_logger - INFO - 클릭할 페이지 없음
2020-07-23 15:00:16,145 - movie_logger - INFO - 두 번째 while 시작
2020-07-23 15:00:16,431 - movie_logger - INFO - 네이버 영화 랭킹 평점순 이동 page=1
2020-07-23 15:00:16,441 - movie_logger - WARNING - 두 번째 while try 예외발생
2020-07-23 15:00:16,441 - movie_logger - INFO - 첫 번재 while 시작
2020-07-23 15:00:17,443 - movie_logger - INFO - 두 번째 while 시작
2020-07-23 15:00:17,586 - movie_logger - INFO - 네이버 영화 랭킹 평점순 이동 page=2
2020-07-23 15:00:23,222 - movie_logger - INFO - 영화 랭킹 클릭
2020-07-23 15:00:28,271 - movie_logger - INFO - 영화 평점 탭 클릭
2020-07-23 15:00:28,289 - movie_logger - INFO - 영화제목 : 세 얼간이
2020-07-23 17:43:27,569 - movie_logger - INFO - 크롬 가상브라우저 실행 완료
2020-07-23 17:43:27,569 - movie_logger - INFO - 첫번째 while 시작
2020-07-23 17:43:28,580 - movie_logger - INFO - 두번째 while 시작
2020-07-23 17:43:29,051 - movie_logger - INFO - 네이버 영화 랭킹 평점순 이동 page=1
2020-07-23 17:43:29,725 - movie_logger - INFO - 영화 랭킹 클릭
2020-07-23 17:43:30,182 - movie_logger - INFO - 영화 평점 탭 클릭
2020-07-23 17:43:30,211 - movie_logger - INFO - 영화 제목 : 그린 북
2020-07-23 17:43:30,239 - movie_logger - INFO - iframe 전환
2020-07-23 17:43:30,403 - movie_logger - INFO - 최신순 클릭
2020-07-23 17:43:30,595 - movie_logger - INFO - 현재 페이지 : 1
2020-07-23 17:43:31,436 - movie_logger - INFO - 현재 페이지 : 2
2020-07-23 17:43:32,152 - movie_logger - INFO - 현재 페이지 : 3
2020-07-23 17:43:32,905 - movie_logger - INFO - 현재 페이지 : 4
2020-07-23 17:43:33,635 - movie_logger - INFO - 현재 페이지 : 5
2020-07-23 17:43:34,362 - movie_logger - INFO - 현재 페이지 : 6
